<?xml version="1.0" encoding="UTF-8"?>
<!-- Generated by org.testng.reporters.JUnitReportReporter -->
<testsuite skipped="0" hostname="DESKTOP-F7NBUAN" name="testCases.TC_022_Newletter" tests="1" failures="0" timestamp="2021-04-02T18:46:41 MST" time="17.470" errors="0">
  <testcase name="test_Newletter" time="17.470" classname="testCases.TC_022_Newletter"/>
  <system-out/>
</testsuite> <!-- testCases.TC_022_Newletter -->
