<?xml version="1.0" encoding="UTF-8"?>
<!-- Generated by org.testng.reporters.JUnitReportReporter -->
<testsuite skipped="0" hostname="DESKTOP-F7NBUAN" name="testCases.TC_001_AccountRegistration" tests="1" failures="0" timestamp="2021-03-26T23:08:32 MST" time="10.051" errors="0">
  <testcase name="test_account_Registration" time="10.051" classname="testCases.TC_001_AccountRegistration"/>
  <system-out/>
</testsuite> <!-- testCases.TC_001_AccountRegistration -->
